2018-03-23 17:10:42,239 INFO o.a.j.u.JMeterUtils: Setting Locale to en_US
2018-03-23 17:10:42,357 INFO o.a.j.JMeter: Loading user properties from: user.properties
2018-03-23 17:10:42,359 INFO o.a.j.JMeter: Loading system properties from: system.properties
2018-03-23 17:10:42,372 INFO o.a.j.JMeter: Copyright (c) 1998-2017 The Apache Software Foundation
2018-03-23 17:10:42,372 INFO o.a.j.JMeter: Version 3.3 r1808647
2018-03-23 17:10:42,372 INFO o.a.j.JMeter: java.version=9.0.4
2018-03-23 17:10:42,373 INFO o.a.j.JMeter: java.vm.name=Java HotSpot(TM) 64-Bit Server VM
2018-03-23 17:10:42,373 INFO o.a.j.JMeter: os.name=Windows 8.1
2018-03-23 17:10:42,374 INFO o.a.j.JMeter: os.arch=amd64
2018-03-23 17:10:42,374 INFO o.a.j.JMeter: os.version=6.3
2018-03-23 17:10:42,374 INFO o.a.j.JMeter: file.encoding=Cp1251
2018-03-23 17:10:42,374 INFO o.a.j.JMeter: Max memory     =2122317824
2018-03-23 17:10:42,374 INFO o.a.j.JMeter: Available Processors =4
2018-03-23 17:10:42,417 INFO o.a.j.JMeter: Default Locale=English (United States)
2018-03-23 17:10:42,417 INFO o.a.j.JMeter: JMeter  Locale=English (United States)
2018-03-23 17:10:42,417 INFO o.a.j.JMeter: JMeterHome=C:\Users\Igor_Gavrylov.BUDAPEST\IdeaProjects\_0101\src\main\resources\apache-jmeter-3.3
2018-03-23 17:10:42,418 INFO o.a.j.JMeter: user.dir  =C:\Users\Igor_Gavrylov.BUDAPEST\IdeaProjects\_0101\src\main\resources\apache-jmeter-3.3\bin
2018-03-23 17:10:42,419 INFO o.a.j.JMeter: PWD       =C:\Users\Igor_Gavrylov.BUDAPEST\IdeaProjects\_0101\src\main\resources\apache-jmeter-3.3\bin
2018-03-23 17:10:42,420 INFO o.a.j.JMeter: IP: 10.0.0.37 Name: EPCZPRGW0003 FullName: EPCZPRGW0003.budapest.epam.com
2018-03-23 17:10:44,053 INFO o.a.j.g.a.LookAndFeelCommand: Using look and feel: javax.swing.plaf.metal.MetalLookAndFeel [Metal, CrossPlatform]
2018-03-23 17:10:44,074 INFO o.a.j.JMeter: Loaded icon properties from org/apache/jmeter/images/icon.properties
2018-03-23 17:10:45,280 INFO o.a.j.e.u.CompoundVariable: Note: Function class names must contain the string: '.functions.'
2018-03-23 17:10:45,281 INFO o.a.j.e.u.CompoundVariable: Note: Function class names must not contain the string: '.gui.'
2018-03-23 17:10:47,768 INFO o.a.j.g.u.MenuFactory: Skipping org.apache.jmeter.assertions.BSFAssertion
2018-03-23 17:10:48,612 INFO o.a.j.g.u.MenuFactory: Skipping org.apache.jmeter.extractor.BSFPostProcessor
2018-03-23 17:10:48,674 INFO o.a.j.g.u.MenuFactory: Skipping org.apache.jmeter.modifiers.BSFPreProcessor
2018-03-23 17:10:48,746 INFO o.a.j.p.h.s.HTTPSamplerBase: Parser for text/html is org.apache.jmeter.protocol.http.parser.LagartoBasedHtmlParser
2018-03-23 17:10:48,746 INFO o.a.j.p.h.s.HTTPSamplerBase: Parser for application/xhtml+xml is org.apache.jmeter.protocol.http.parser.LagartoBasedHtmlParser
2018-03-23 17:10:48,747 INFO o.a.j.p.h.s.HTTPSamplerBase: Parser for application/xml is org.apache.jmeter.protocol.http.parser.LagartoBasedHtmlParser
2018-03-23 17:10:48,747 INFO o.a.j.p.h.s.HTTPSamplerBase: Parser for text/xml is org.apache.jmeter.protocol.http.parser.LagartoBasedHtmlParser
2018-03-23 17:10:48,747 INFO o.a.j.p.h.s.HTTPSamplerBase: Parser for text/vnd.wap.wml is org.apache.jmeter.protocol.http.parser.RegexpHTMLParser
2018-03-23 17:10:48,747 INFO o.a.j.p.h.s.HTTPSamplerBase: Parser for text/css is org.apache.jmeter.protocol.http.parser.CssParser
2018-03-23 17:10:49,593 INFO o.a.j.e.KeyToolUtils: keytool found at 'keytool'
2018-03-23 17:10:49,594 INFO o.a.j.p.h.p.ProxyControl: HTTP(S) Test Script Recorder SSL Proxy will use keys that support embedded 3rd party resources in file C:\Users\Igor_Gavrylov.BUDAPEST\IdeaProjects\_0101\src\main\resources\apache-jmeter-3.3\bin\proxyserver.jks
2018-03-23 17:10:49,973 INFO o.a.j.g.u.MenuFactory: Skipping org.apache.jmeter.protocol.java.sampler.BSFSampler
2018-03-23 17:10:50,045 INFO o.a.j.s.FileServer: Default base='C:\Users\Igor_Gavrylov.BUDAPEST\IdeaProjects\_0101\src\main\resources\apache-jmeter-3.3\bin'
2018-03-23 17:10:50,206 INFO o.a.j.g.u.MenuFactory: Skipping org.apache.jmeter.protocol.mongodb.config.MongoSourceElement
2018-03-23 17:10:50,207 INFO o.a.j.g.u.MenuFactory: Skipping org.apache.jmeter.protocol.mongodb.sampler.MongoScriptSampler
2018-03-23 17:10:50,789 INFO o.a.j.g.u.MenuFactory: Skipping org.apache.jmeter.timers.BSFTimer
2018-03-23 17:10:50,877 INFO o.a.j.g.u.MenuFactory: Skipping org.apache.jmeter.visualizers.BSFListener
2018-03-23 17:10:51,151 INFO o.a.j.s.SampleResult: Note: Sample TimeStamps are START times
2018-03-23 17:10:51,151 INFO o.a.j.s.SampleResult: sampleresult.default.encoding is set to ISO-8859-1
2018-03-23 17:10:51,151 INFO o.a.j.s.SampleResult: sampleresult.useNanoTime=true
2018-03-23 17:10:51,151 INFO o.a.j.s.SampleResult: sampleresult.nanoThreadSleep=5000
